<?xml version="1.0" encoding="UTF-8"?>
<!-- Generated by org.testng.reporters.JUnitReportReporter -->
<testsuite hostname="DESKTOP-5TOK6QG" failures="0" tests="1" name="tests.HomePageTest" time="1.030" errors="0" timestamp="2021-11-05T17:20:42 BDT" skipped="0">
  <testcase classname="tests.HomePageTest" name="homePageTest" time="1.030"/>
  <system-out/>
</testsuite> <!-- tests.HomePageTest -->
