<?xml version="1.0" encoding="UTF-8"?>
<!-- Generated by org.testng.reporters.JUnitReportReporter -->
<testsuite hostname="DESKTOP-5TOK6QG" failures="0" tests="7" name="tests.PopularCategories" time="63.768" errors="0" timestamp="2021-11-05T17:20:42 BDT" skipped="0">
  <testcase classname="tests.PopularCategories" name="sneakersTest" time="4.090"/>
  <system-out/>
  <testcase classname="tests.PopularCategories" name="koreanBeauty" time="4.476"/>
  <system-out/>
  <testcase classname="tests.PopularCategories" name="wristWatches" time="5.994"/>
  <system-out/>
  <testcase classname="tests.PopularCategories" name="fishing" time="5.629"/>
  <system-out/>
  <testcase classname="tests.PopularCategories" name="collectibles" time="4.318"/>
  <system-out/>
  <testcase classname="tests.PopularCategories" name="smartPhones" time="4.500"/>
  <system-out/>
  <testcase classname="tests.PopularCategories" name="popularSell" time="34.761"/>
  <system-out/>
</testsuite> <!-- tests.PopularCategories -->
