<?xml version="1.0" encoding="UTF-8"?>
<!-- Generated by org.testng.reporters.JUnitReportReporter -->
<testsuite hostname="DESKTOP-5TOK6QG" failures="0" tests="1" name="tests.RegistrationTest" time="9.597" errors="0" timestamp="2021-11-05T17:20:42 BDT" skipped="0">
  <testcase classname="tests.RegistrationTest" name="registrationTest" time="9.597"/>
  <system-out/>
</testsuite> <!-- tests.RegistrationTest -->
