<?xml version="1.0" encoding="UTF-8"?>
<!-- Generated by org.testng.reporters.JUnitReportReporter -->
<testsuite hostname="DESKTOP-5TOK6QG" failures="0" tests="2" name="tests.SearchProducts" time="10.082" errors="0" timestamp="2021-11-05T17:20:42 BDT" skipped="0">
  <testcase classname="tests.SearchProducts" name="searchFromSearchBoxTest" time="7.089"/>
  <system-out/>
  <testcase classname="tests.SearchProducts" name="selectFromCategory" time="2.993"/>
  <system-out/>
</testsuite> <!-- tests.SearchProducts -->
