<?xml version="1.0" encoding="UTF-8"?>
<!-- Generated by org.testng.reporters.JUnitReportReporter -->
<testsuite hostname="DESKTOP-5TOK6QG" failures="0" tests="11" name="tests.HomePageElements" time="56.831" errors="0" timestamp="2021-11-05T17:20:42 BDT" skipped="0">
  <testcase classname="tests.HomePageElements" name="dailyDealsTest" time="4.301"/>
  <system-out/>
  <testcase classname="tests.HomePageElements" name="helpAndContact" time="5.302"/>
  <system-out/>
  <testcase classname="tests.HomePageElements" name="sellTest" time="3.727"/>
  <system-out/>
  <testcase classname="tests.HomePageElements" name="electronicsTest" time="5.908"/>
  <system-out/>
  <testcase classname="tests.HomePageElements" name="fashionTest" time="4.537"/>
  <system-out/>
  <testcase classname="tests.HomePageElements" name="healthAndBeautyTest" time="4.476"/>
  <system-out/>
  <testcase classname="tests.HomePageElements" name="homeAndGardenTest" time="4.697"/>
  <system-out/>
  <testcase classname="tests.HomePageElements" name="sportsTest" time="5.858"/>
  <system-out/>
  <testcase classname="tests.HomePageElements" name="collectiblesAndArtPageTest" time="4.564"/>
  <system-out/>
  <testcase classname="tests.HomePageElements" name="industrialEquipmentPageTest" time="5.537"/>
  <system-out/>
  <testcase classname="tests.HomePageElements" name="motorsPageTest" time="7.924"/>
  <system-out/>
</testsuite> <!-- tests.HomePageElements -->
