<?xml version="1.0" encoding="UTF-8"?>
<!-- Generated by org.testng.reporters.JUnitReportReporter -->
<testsuite hostname="DESKTOP-5TOK6QG" failures="0" tests="3" name="tests.Sell" time="15.465" errors="0" timestamp="2021-11-05T17:20:42 BDT" skipped="0">
  <testcase classname="tests.Sell" name="startSellingTest" time="3.276"/>
  <system-out/>
  <testcase classname="tests.Sell" name="learnToSell" time="6.677"/>
  <system-out/>
  <testcase classname="tests.Sell" name="affiliatesTest" time="5.512"/>
  <system-out/>
</testsuite> <!-- tests.Sell -->
